<?xml version="1.0" encoding="UTF-8"?>
<!-- Generated by org.testng.reporters.JUnitReportReporter -->
<testsuite skipped="0" hostname="Devendra" name="com.inetbanking.testCases.TC_AddCustomerTest_003" tests="1" failures="0" timestamp="2020-07-20T11:59:39 IST" time="25.539" errors="0">
  <testcase name="addNewCustomer" time="25.539" classname="com.inetbanking.testCases.TC_AddCustomerTest_003"/>
  <system-out/>
</testsuite> <!-- com.inetbanking.testCases.TC_AddCustomerTest_003 -->
